<?xml version="1.0" encoding="UTF-8"?>
<testng-results ignored="0" total="1" passed="1" failed="0" skipped="0">
  <reporter-output>
  </reporter-output>
  <suite started-at="2022-09-06T16:35:55 IST" name="Default suite" finished-at="2022-09-06T16:36:09 IST" duration-ms="13857">
    <groups>
    </groups>
    <test started-at="2022-09-06T16:35:55 IST" name="Default test" finished-at="2022-09-06T16:36:09 IST" duration-ms="13857">
      <class name="com.as.testcases.LoginTest">
        <test-method is-config="true" signature="steup()[pri:0, instance:com.as.testcases.LoginTest@35e2d654]" started-at="2022-09-06T16:35:55 IST" name="steup" finished-at="2022-09-06T16:35:59 IST" duration-ms="4628" status="PASS">
          <reporter-output>
          </reporter-output>
        </test-method> <!-- steup -->
        <test-method signature="loginApp()[pri:0, instance:com.as.testcases.LoginTest@35e2d654]" started-at="2022-09-06T16:35:59 IST" name="loginApp" finished-at="2022-09-06T16:36:08 IST" duration-ms="8386" status="PASS">
          <reporter-output>
          </reporter-output>
        </test-method> <!-- loginApp -->
        <test-method is-config="true" signature="teardown()[pri:0, instance:com.as.testcases.LoginTest@35e2d654]" started-at="2022-09-06T16:36:08 IST" name="teardown" finished-at="2022-09-06T16:36:09 IST" duration-ms="761" status="PASS">
          <reporter-output>
          </reporter-output>
        </test-method> <!-- teardown -->
      </class> <!-- com.as.testcases.LoginTest -->
    </test> <!-- Default test -->
  </suite> <!-- Default suite -->
</testng-results>
